2025-12-13 19:40:01,548 [INFO] Activator:176 - 


2025-12-13 19:40:01,553 [INFO] Activator:177 - !SESSION log4j initialized
2025-12-13 19:40:06,498 [INFO] LogOutputStream:77 - [STDOUT_REDIRECT] 
2025-12-13 19:40:08,103 [INFO] ApplicationProperties:184 - Using Application install path: C:\ST\STM32CubeIDE_1.19.0\STM32CubeIDE\plugins\com.st.stm32cube.common.mx_6.15.0.202507011659
2025-12-13 19:40:08,130 [INFO] DbMcusXml:78 - Set database path to: C:\ST\STM32CubeIDE_1.19.0\STM32CubeIDE\plugins\com.st.stm32cube.common.mx_6.15.0.202507011659\\db\/mcu/
2025-12-13 19:40:08,130 [INFO] ApiDb:274 - Set plugin database path to: C:\ST\STM32CubeIDE_1.19.0\STM32CubeIDE\plugins\com.st.stm32cube.common.mx_6.15.0.202507011659\\db\/plugins/boardmanager/
2025-12-13 19:40:08,130 [WARN] ApiDb:259 - Overriding images path with different value:  => C:\ST\STM32CubeIDE_1.19.0\STM32CubeIDE\plugins\com.st.stm32cube.common.mx_6.15.0.202507011659\\db\/plugins/mcufinder/images/
2025-12-13 19:40:08,137 [INFO] ApiDb:250 - Set database path to: C:\Users\trisa\.stmcufinder\plugins\mcufinder//mcu/
2025-12-13 19:40:08,138 [INFO] DbMcusAds:125 - Set database path to: C:\Users\trisa\.stmcufinder\plugins\mcufinder//mcu/
2025-12-13 19:40:08,140 [INFO] CrossReferenceDbSqlite:203 - Set database path to: C:\Users\trisa\.stmcufinder\plugins\mcufinder//mcu/cs/
2025-12-13 19:40:08,255 [INFO] RulesReader:64 - Compatibility file has been processed (317 Rules)
2025-12-13 19:40:08,354 [INFO] DbMcusXml:78 - Set database path to: C:\ST\STM32CubeIDE_1.19.0\STM32CubeIDE\plugins\com.st.stm32cube.common.mx_6.15.0.202507011659\\db\/mcu/
2025-12-13 19:40:08,355 [INFO] ApiDb:274 - Set plugin database path to: C:\ST\STM32CubeIDE_1.19.0\STM32CubeIDE\plugins\com.st.stm32cube.common.mx_6.15.0.202507011659\\db\/plugins/boardmanager/
2025-12-13 19:40:08,355 [INFO] ApiDb:261 - Set plugin images path to: C:\ST\STM32CubeIDE_1.19.0\STM32CubeIDE\plugins\com.st.stm32cube.common.mx_6.15.0.202507011659\\db\/plugins/mcufinder/images/
2025-12-13 19:40:08,355 [WARN] DbFile:41 - Overriding database path with different value: C:\Users\trisa\.stmcufinder\plugins\mcufinder/ => C:\Users\trisa\.stmcufinder\plugins\mcufinder
2025-12-13 19:40:08,355 [INFO] ApiDb:250 - Set database path to: C:\Users\trisa\.stmcufinder\plugins\mcufinder//mcu/
2025-12-13 19:40:08,355 [WARN] DbFile:41 - Overriding database path with different value: C:\Users\trisa\.stmcufinder\plugins\mcufinder/ => C:\Users\trisa\.stmcufinder\plugins\mcufinder
2025-12-13 19:40:08,355 [INFO] DbMcusAds:125 - Set database path to: C:\Users\trisa\.stmcufinder\plugins\mcufinder//mcu/
2025-12-13 19:40:08,355 [WARN] DbFile:41 - Overriding database path with different value: C:\Users\trisa\.stmcufinder\plugins\mcufinder/ => C:\Users\trisa\.stmcufinder\plugins\mcufinder
2025-12-13 19:40:08,355 [WARN] DbFile:41 - Overriding database path with different value: C:\Users\trisa\.stmcufinder\plugins\mcufinder/ => C:\Users\trisa\.stmcufinder\plugins\mcufinder
2025-12-13 19:40:08,355 [INFO] CrossReferenceDbSqlite:203 - Set database path to: C:\Users\trisa\.stmcufinder\plugins\mcufinder//mcu/cs/
2025-12-13 19:40:08,433 [INFO] MainPanel:274 - HeapMemory: 268435456
2025-12-13 19:40:08,540 [INFO] DbMcusXml:78 - Set database path to: C:\ST\STM32CubeIDE_1.19.0\STM32CubeIDE\plugins\com.st.stm32cube.common.mx_6.15.0.202507011659\\db\/mcu/
2025-12-13 19:40:08,540 [INFO] ApiDb:274 - Set plugin database path to: C:\ST\STM32CubeIDE_1.19.0\STM32CubeIDE\plugins\com.st.stm32cube.common.mx_6.15.0.202507011659\\db\/plugins/boardmanager/
2025-12-13 19:40:08,540 [INFO] ApiDb:261 - Set plugin images path to: C:\ST\STM32CubeIDE_1.19.0\STM32CubeIDE\plugins\com.st.stm32cube.common.mx_6.15.0.202507011659\\db\/plugins/mcufinder/images/
2025-12-13 19:40:08,540 [WARN] DbFile:41 - Overriding database path with different value: C:\Users\trisa\.stmcufinder\plugins\mcufinder/ => C:\Users\trisa\.stmcufinder\plugins\mcufinder
2025-12-13 19:40:08,540 [INFO] ApiDb:250 - Set database path to: C:\Users\trisa\.stmcufinder\plugins\mcufinder//mcu/
2025-12-13 19:40:08,541 [WARN] DbFile:41 - Overriding database path with different value: C:\Users\trisa\.stmcufinder\plugins\mcufinder/ => C:\Users\trisa\.stmcufinder\plugins\mcufinder
2025-12-13 19:40:08,541 [INFO] DbMcusAds:125 - Set database path to: C:\Users\trisa\.stmcufinder\plugins\mcufinder//mcu/
2025-12-13 19:40:08,541 [WARN] DbFile:41 - Overriding database path with different value: C:\Users\trisa\.stmcufinder\plugins\mcufinder/ => C:\Users\trisa\.stmcufinder\plugins\mcufinder
2025-12-13 19:40:08,541 [WARN] DbFile:41 - Overriding database path with different value: C:\Users\trisa\.stmcufinder\plugins\mcufinder/ => C:\Users\trisa\.stmcufinder\plugins\mcufinder
2025-12-13 19:40:08,541 [INFO] CrossReferenceDbSqlite:203 - Set database path to: C:\Users\trisa\.stmcufinder\plugins\mcufinder//mcu/cs/
2025-12-13 19:40:08,558 [INFO] ApplicationProperties:184 - Using Application install path: C:\ST\STM32CubeIDE_1.19.0\STM32CubeIDE\plugins\com.st.stm32cube.common.mx_6.15.0.202507011659
2025-12-13 19:40:08,560 [INFO] PluginManage:196 - Search for loadable plugins [exclusion list=, ]
2025-12-13 19:40:08,562 [INFO] PluginManage:310 - Check plugin analytics
2025-12-13 19:40:08,828 [INFO] AnalyticsPlugin:253 - Accepted Software Licenses: 
2025-12-13 19:40:08,828 [INFO] AnalyticsPlugin:255 - Accepted CMSIS Pack Licenses: 
2025-12-13 19:40:08,828 [INFO] AnalyticsPlugin:257 - Accepted Firmware Licenses: FW.F4.1.28.0
2025-12-13 19:40:08,834 [INFO] PluginManage:359 - Loaded plugin analytics (category:tool,tabindex:-1)
2025-12-13 19:40:08,834 [INFO] PluginManage:310 - Check plugin cadmodel
2025-12-13 19:40:08,844 [INFO] CADModel:105 - Init CAD model plugin
2025-12-13 19:40:08,844 [INFO] PluginManage:359 - Loaded plugin cadmodel (category:power,tabindex:5)
2025-12-13 19:40:08,844 [INFO] PluginManage:310 - Check plugin clock
2025-12-13 19:40:08,859 [INFO] PluginManage:359 - Loaded plugin clock (category:base,tabindex:2)
2025-12-13 19:40:08,859 [INFO] PluginManage:310 - Check plugin ddr
2025-12-13 19:40:08,864 [INFO] PluginManage:359 - Loaded plugin ddr (category:tool,tabindex:6)
2025-12-13 19:40:08,864 [INFO] PluginManage:310 - Check plugin filemanager
2025-12-13 19:40:09,020 [INFO] PluginManage:359 - Loaded plugin filemanager (category:base,tabindex:10)
2025-12-13 19:40:09,020 [INFO] PluginManage:310 - Check plugin ipmanager
2025-12-13 19:40:09,026 [INFO] PluginManage:359 - Loaded plugin ipmanager (category:base,tabindex:5)
2025-12-13 19:40:09,026 [INFO] PluginManage:310 - Check plugin lpbam
2025-12-13 19:40:09,036 [INFO] PluginManage:359 - Loaded plugin lpbam (category:base,tabindex:0)
2025-12-13 19:40:09,036 [INFO] PluginManage:310 - Check plugin memorymap
2025-12-13 19:40:09,049 [INFO] PluginManage:359 - Loaded plugin memorymap (category:base,tabindex:4)
2025-12-13 19:40:09,049 [INFO] PluginManage:310 - Check plugin pinoutandconfiguration
2025-12-13 19:40:09,058 [INFO] PluginManage:359 - Loaded plugin pinoutandconfiguration (category:base,tabindex:1)
2025-12-13 19:40:09,058 [INFO] PluginManage:310 - Check plugin pinoutconfig
2025-12-13 19:40:09,141 [WARN] SupportedApi:132 - Cannot load RTOS API schema: s4s-elt-must-match.1: The content of 'definitions' must match (annotation?, (simpleType | complexType)?, (unique | key | keyref)*)). A problem was found starting at: attribute.
2025-12-13 19:40:09,313 [INFO] PluginManage:359 - Loaded plugin pinoutconfig (category:base,tabindex:0)
2025-12-13 19:40:09,313 [INFO] PluginManage:310 - Check plugin power
2025-12-13 19:40:09,320 [INFO] PluginManage:359 - Loaded plugin power (category:power,tabindex:4)
2025-12-13 19:40:09,320 [INFO] PluginManage:310 - Check plugin projectmanager
2025-12-13 19:40:09,337 [INFO] PluginManage:359 - Loaded plugin projectmanager (category:projectmanager,tabindex:4)
2025-12-13 19:40:09,337 [INFO] PluginManage:310 - Check plugin rif
2025-12-13 19:40:09,349 [INFO] PluginManage:359 - Loaded plugin rif (category:base,tabindex:3)
2025-12-13 19:40:09,349 [INFO] PluginManage:310 - Check plugin thirdparty
2025-12-13 19:40:09,492 [WARN] IntegrityCheckThread:84 - waiting for thirdparty lock release [integrity check]
2025-12-13 19:40:09,493 [INFO] IntegrityCheckThread:86 - entering critical section [integrity check]
2025-12-13 19:40:09,493 [INFO] PluginManage:359 - Loaded plugin thirdparty (category:base,tabindex:-1)
2025-12-13 19:40:09,493 [INFO] ThirdPartyUpdaterWithRetryManager:70 - Updater plugin not ready yet. [1/15]
2025-12-13 19:40:09,493 [INFO] PluginManage:310 - Check plugin tools
2025-12-13 19:40:09,496 [INFO] PluginManage:359 - Loaded plugin tools (category:base,tabindex:7)
2025-12-13 19:40:09,496 [INFO] PluginManage:310 - Check plugin tutovideos
2025-12-13 19:40:09,721 [INFO] PluginManage:359 - Loaded plugin tutovideos (category:base,tabindex:-1)
2025-12-13 19:40:09,721 [INFO] PluginManage:310 - Check plugin updater
2025-12-13 19:40:09,743 [INFO] PluginManage:359 - Loaded plugin updater (category:base,tabindex:12)
2025-12-13 19:40:09,743 [INFO] PluginManage:310 - Check plugin userauth
2025-12-13 19:40:09,746 [INFO] UserAuth:118 - Init User Auth plugin
2025-12-13 19:40:09,747 [INFO] PluginManage:359 - Loaded plugin userauth (category:base,tabindex:14)
2025-12-13 19:40:09,748 [INFO] PluginManage:283 - PluginManage : Loaded plugins [18]
2025-12-13 19:40:09,948 [INFO] PinOutPanel:1589 - setPackage(No Configuration,No Configuration)
2025-12-13 19:40:10,020 [INFO] CADModel:165 - CPN selected for project level
2025-12-13 19:40:10,021 [INFO] CADModel:114 - Register for checkConnection events
2025-12-13 19:40:10,035 [INFO] IPUIPlugin:80 - create IPUIPlugin
2025-12-13 19:40:10,035 [INFO] PluginManager:220 - loadIPPluginJar : add adc
2025-12-13 19:40:10,037 [INFO] IPUIPlugin:80 - create IPUIPlugin
2025-12-13 19:40:10,038 [INFO] PluginManager:220 - loadIPPluginJar : add aes
2025-12-13 19:40:10,040 [INFO] IPUIPlugin:80 - create IPUIPlugin
2025-12-13 19:40:10,040 [INFO] PluginManager:220 - loadIPPluginJar : add can
2025-12-13 19:40:10,042 [INFO] IPUIPlugin:80 - create IPUIPlugin
2025-12-13 19:40:10,042 [INFO] PluginManager:220 - loadIPPluginJar : add comp
2025-12-13 19:40:10,043 [INFO] IPUIPlugin:80 - create IPUIPlugin
2025-12-13 19:40:10,043 [INFO] PluginManager:220 - loadIPPluginJar : add cryp
2025-12-13 19:40:10,045 [INFO] IPUIPlugin:80 - create IPUIPlugin
2025-12-13 19:40:10,046 [INFO] PluginManager:220 - loadIPPluginJar : add ddr_ctrl_phy
2025-12-13 19:40:10,048 [INFO] IPUIPlugin:80 - create IPUIPlugin
2025-12-13 19:40:10,048 [INFO] PluginManager:220 - loadIPPluginJar : add dfsdm
2025-12-13 19:40:10,052 [INFO] IPUIPlugin:80 - create IPUIPlugin
2025-12-13 19:40:10,052 [INFO] PluginManager:220 - loadIPPluginJar : add dma
2025-12-13 19:40:10,054 [INFO] IPUIPlugin:80 - create IPUIPlugin
2025-12-13 19:40:10,054 [INFO] PluginManager:220 - loadIPPluginJar : add dma3
2025-12-13 19:40:10,055 [INFO] IPUIPlugin:80 - create IPUIPlugin
2025-12-13 19:40:10,055 [INFO] PluginManager:220 - loadIPPluginJar : add extmemmanager
2025-12-13 19:40:10,057 [INFO] IPUIPlugin:80 - create IPUIPlugin
2025-12-13 19:40:10,057 [INFO] PluginManager:220 - loadIPPluginJar : add fatfs
2025-12-13 19:40:10,061 [INFO] IPUIPlugin:80 - create IPUIPlugin
2025-12-13 19:40:10,061 [INFO] PluginManager:220 - loadIPPluginJar : add fmc
2025-12-13 19:40:10,068 [INFO] IPUIPlugin:80 - create IPUIPlugin
2025-12-13 19:40:10,068 [INFO] PluginManager:220 - loadIPPluginJar : add freertos
2025-12-13 19:40:10,069 [INFO] IPUIPlugin:80 - create IPUIPlugin
2025-12-13 19:40:10,069 [INFO] PluginManager:220 - loadIPPluginJar : add genericplugin
2025-12-13 19:40:10,070 [INFO] IPUIPlugin:80 - create IPUIPlugin
2025-12-13 19:40:10,070 [INFO] PluginManager:220 - loadIPPluginJar : add gfxmmu
2025-12-13 19:40:10,075 [INFO] IPUIPlugin:80 - create IPUIPlugin
2025-12-13 19:40:10,075 [INFO] PluginManager:220 - loadIPPluginJar : add gic
2025-12-13 19:40:10,078 [INFO] IPUIPlugin:80 - create IPUIPlugin
2025-12-13 19:40:10,078 [INFO] PluginManager:220 - loadIPPluginJar : add gpio
2025-12-13 19:40:10,081 [INFO] IPUIPlugin:80 - create IPUIPlugin
2025-12-13 19:40:10,081 [INFO] PluginManager:220 - loadIPPluginJar : add gtzc
2025-12-13 19:40:10,083 [INFO] IPUIPlugin:80 - create IPUIPlugin
2025-12-13 19:40:10,083 [INFO] PluginManager:220 - loadIPPluginJar : add hash
2025-12-13 19:40:10,085 [INFO] IPUIPlugin:80 - create IPUIPlugin
2025-12-13 19:40:10,085 [INFO] PluginManager:220 - loadIPPluginJar : add i2c
2025-12-13 19:40:10,086 [INFO] IPUIPlugin:80 - create IPUIPlugin
2025-12-13 19:40:10,087 [INFO] PluginManager:220 - loadIPPluginJar : add i2s
2025-12-13 19:40:10,088 [INFO] IPUIPlugin:80 - create IPUIPlugin
2025-12-13 19:40:10,088 [INFO] PluginManager:220 - loadIPPluginJar : add i3c
2025-12-13 19:40:10,091 [INFO] IPUIPlugin:80 - create IPUIPlugin
2025-12-13 19:40:10,091 [INFO] PluginManager:220 - loadIPPluginJar : add ipddr
2025-12-13 19:40:10,097 [INFO] IPUIPlugin:80 - create IPUIPlugin
2025-12-13 19:40:10,098 [INFO] PluginManager:220 - loadIPPluginJar : add linkedlist
2025-12-13 19:40:10,101 [INFO] IPUIPlugin:80 - create IPUIPlugin
2025-12-13 19:40:10,101 [INFO] PluginManager:220 - loadIPPluginJar : add lorawan
2025-12-13 19:40:10,102 [INFO] IPUIPlugin:80 - create IPUIPlugin
2025-12-13 19:40:10,102 [INFO] PluginManager:220 - loadIPPluginJar : add ltdc
2025-12-13 19:40:10,106 [INFO] IPUIPlugin:80 - create IPUIPlugin
2025-12-13 19:40:10,106 [INFO] PluginManager:220 - loadIPPluginJar : add mdma
2025-12-13 19:40:10,110 [INFO] IPUIPlugin:80 - create IPUIPlugin
2025-12-13 19:40:10,110 [INFO] PluginManager:220 - loadIPPluginJar : add nvic
2025-12-13 19:40:10,113 [INFO] IPUIPlugin:80 - create IPUIPlugin
2025-12-13 19:40:10,113 [INFO] PluginManager:220 - loadIPPluginJar : add opamp
2025-12-13 19:40:10,116 [INFO] IPUIPlugin:80 - create IPUIPlugin
2025-12-13 19:40:10,116 [INFO] PluginManager:220 - loadIPPluginJar : add openamp
2025-12-13 19:40:10,118 [INFO] IPUIPlugin:80 - create IPUIPlugin
2025-12-13 19:40:10,118 [INFO] PluginManager:220 - loadIPPluginJar : add pdm2pcm
2025-12-13 19:40:10,123 [INFO] IPUIPlugin:80 - create IPUIPlugin
2025-12-13 19:40:10,124 [INFO] PluginManager:220 - loadIPPluginJar : add plateformsettings
2025-12-13 19:40:10,125 [INFO] IPUIPlugin:80 - create IPUIPlugin
2025-12-13 19:40:10,125 [INFO] PluginManager:220 - loadIPPluginJar : add quadspi
2025-12-13 19:40:10,127 [INFO] IPUIPlugin:80 - create IPUIPlugin
2025-12-13 19:40:10,127 [INFO] PluginManager:220 - loadIPPluginJar : add radio
2025-12-13 19:40:10,131 [INFO] IPUIPlugin:80 - create IPUIPlugin
2025-12-13 19:40:10,131 [INFO] PluginManager:220 - loadIPPluginJar : add resmgrutility
2025-12-13 19:40:10,133 [INFO] IPUIPlugin:80 - create IPUIPlugin
2025-12-13 19:40:10,133 [INFO] PluginManager:220 - loadIPPluginJar : add sai
2025-12-13 19:40:10,136 [INFO] IPUIPlugin:80 - create IPUIPlugin
2025-12-13 19:40:10,136 [INFO] PluginManager:220 - loadIPPluginJar : add spi
2025-12-13 19:40:10,141 [INFO] IPUIPlugin:80 - create IPUIPlugin
2025-12-13 19:40:10,141 [INFO] PluginManager:220 - loadIPPluginJar : add stm32_wpan
2025-12-13 19:40:10,143 [INFO] IPUIPlugin:80 - create IPUIPlugin
2025-12-13 19:40:10,143 [INFO] PluginManager:220 - loadIPPluginJar : add tim
2025-12-13 19:40:10,147 [INFO] IPUIPlugin:80 - create IPUIPlugin
2025-12-13 19:40:10,148 [INFO] PluginManager:220 - loadIPPluginJar : add touchsensing
2025-12-13 19:40:10,150 [INFO] IPUIPlugin:80 - create IPUIPlugin
2025-12-13 19:40:10,150 [INFO] PluginManager:220 - loadIPPluginJar : add tracer_emb
2025-12-13 19:40:10,151 [INFO] IPUIPlugin:80 - create IPUIPlugin
2025-12-13 19:40:10,152 [INFO] PluginManager:220 - loadIPPluginJar : add ts
2025-12-13 19:40:10,153 [INFO] IPUIPlugin:80 - create IPUIPlugin
2025-12-13 19:40:10,153 [INFO] PluginManager:220 - loadIPPluginJar : add tsc
2025-12-13 19:40:10,155 [INFO] IPUIPlugin:80 - create IPUIPlugin
2025-12-13 19:40:10,156 [INFO] PluginManager:220 - loadIPPluginJar : add ucpd
2025-12-13 19:40:10,158 [INFO] IPUIPlugin:80 - create IPUIPlugin
2025-12-13 19:40:10,158 [INFO] PluginManager:220 - loadIPPluginJar : add usart
2025-12-13 19:40:10,161 [INFO] IPUIPlugin:80 - create IPUIPlugin
2025-12-13 19:40:10,161 [INFO] PluginManager:220 - loadIPPluginJar : add usbx
2025-12-13 19:40:10,285 [FATAL] Updater:351 - Updater called before beeing initialized
2025-12-13 19:40:10,308 [INFO] RulesReader:64 - Compatibility file has been processed (317 Rules)
2025-12-13 19:40:10,328 [INFO] RulesReader:64 - Compatibility file has been processed (317 Rules)
2025-12-13 19:40:10,351 [INFO] CADModel:165 - CPN selected for project level
2025-12-13 19:40:10,351 [INFO] CADModel:114 - Register for checkConnection events
2025-12-13 19:40:10,352 [FATAL] Updater:351 - Updater called before beeing initialized
2025-12-13 19:40:10,352 [ERROR] CADModel:125 - Updater not yet initialized, retry later 
2025-12-13 19:40:10,527 [FATAL] Updater:351 - Updater called before beeing initialized
2025-12-13 19:40:10,529 [INFO] CADModel:165 - CPN selected for project level
2025-12-13 19:40:10,529 [INFO] CADModel:114 - Register for checkConnection events
2025-12-13 19:40:10,530 [FATAL] Updater:351 - Updater called before beeing initialized
2025-12-13 19:40:10,530 [ERROR] CADModel:125 - Updater not yet initialized, retry later 
2025-12-13 19:40:10,534 [FATAL] Updater:351 - Updater called before beeing initialized
2025-12-13 19:40:10,709 [FATAL] Updater:351 - Updater called before beeing initialized
2025-12-13 19:40:10,719 [INFO] DbMcusAds:53 - JSON generation date=Thu Oct 02 11:36:05 CEST 2025 (1759397765645)
2025-12-13 19:40:10,719 [FATAL] Updater:351 - Updater called before beeing initialized
2025-12-13 19:40:10,767 [WARN] DetailPanel:346 - Failed to get advertising image, set to default
2025-12-13 19:40:10,839 [FATAL] Updater:351 - Updater called before beeing initialized
2025-12-13 19:40:10,840 [FATAL] Updater:351 - Updater called before beeing initialized
2025-12-13 19:40:10,840 [FATAL] Updater:351 - Updater called before beeing initialized
2025-12-13 19:40:10,840 [WARN] DetailPanel:346 - Failed to get advertising image, set to default
2025-12-13 19:40:10,841 [FATAL] Updater:351 - Updater called before beeing initialized
2025-12-13 19:40:10,877 [ERROR] Updater:1198 - MainUpdater not yet initialized. External WinMGr cannot be set.
2025-12-13 19:40:10,880 [INFO] Updater:1134 - Updater Version found : 6.15.0
2025-12-13 19:40:10,893 [INFO] ApplicationProperties:184 - Using Application install path: C:\ST\STM32CubeIDE_1.19.0\STM32CubeIDE\plugins\com.st.stm32cube.common.mx_6.15.0.202507011659
2025-12-13 19:40:11,262 [INFO] MainUpdater:2872 - connection check result : 10
2025-12-13 19:40:11,262 [INFO] MainUpdater:3604 - Updater definition file requires update
2025-12-13 19:40:11,263 [INFO] MainUpdater:289 - Updater Check For Update Now.
2025-12-13 19:40:11,263 [INFO] MicroXplorer:498 - Change Database Version : DB.6.0.150
2025-12-13 19:40:11,268 [INFO] McuFinderGlobals:63 - Set McuFinder mode to 2 (CubeIDE integrated)
2025-12-13 19:40:11,269 [INFO] UserAuth:487 - Internet connection configuration mode: 1
2025-12-13 19:40:11,289 [INFO] JxBrowserEngine:152 - Initiate JxBrowser Engine with user profile folder
2025-12-13 19:40:11,317 [INFO] ServerAccessManage:452 - Complete download http(s) 200
2025-12-13 19:40:11,318 [INFO] ServerAccessManage:509 - Download File updaters.zip
2025-12-13 19:40:11,373 [INFO] FileExtend:248 - Unzip File : updaters.zip
2025-12-13 19:40:11,373 [INFO] FileExtend:263 - Standard Zip Deflate
2025-12-13 19:40:11,684 [INFO] ServerAccessManage:452 - Complete download http(s) 200
2025-12-13 19:40:11,684 [INFO] ServerAccessManage:509 - Download File PacksControlFlags.xml
2025-12-13 19:40:11,899 [INFO] ServerAccessManage:452 - Complete download http(s) 200
2025-12-13 19:40:11,900 [INFO] ServerAccessManage:509 - Download File cubemx.pidx
2025-12-13 19:40:12,450 [INFO] ServerAccessManage:452 - Complete download http(s) 200
2025-12-13 19:40:12,450 [INFO] ServerAccessManage:509 - Download File STMicroelectronics.X-CUBE-FREERTOS.pdsc
2025-12-13 19:40:12,494 [WARN] MainUpdater:1193 - Updater busy. Cannot search thirdparties
2025-12-13 19:40:12,494 [INFO] ThirdPartyUpdaterWithRetryManager:96 - Updater plugin is busy. [1/15]
2025-12-13 19:40:12,837 [INFO] WebApp:169 - Instantiating new browser for Auth
2025-12-13 19:40:13,363 [INFO] ServerAccessManage:452 - Complete download http(s) 200
2025-12-13 19:40:13,363 [INFO] ServerAccessManage:509 - Download File STMicroelectronics.X-CUBE-GNSS1.pdsc
2025-12-13 19:40:13,640 [INFO] WebApp:463 - Apply proxy settings
2025-12-13 19:40:13,641 [INFO] WebApp:548 - Chromium requires no authentication
2025-12-13 19:40:13,654 [INFO] WebApp:491 - Direct internet connection detected
2025-12-13 19:40:13,676 [INFO] WebApp:900 - Register for checkConnection events
2025-12-13 19:40:13,676 [INFO] WebApp:463 - Apply proxy settings
2025-12-13 19:40:13,676 [INFO] WebApp:548 - Chromium requires no authentication
2025-12-13 19:40:13,677 [INFO] WebApp:491 - Direct internet connection detected
2025-12-13 19:40:13,852 [INFO] WebApp:225 - Starting web application
2025-12-13 19:40:13,852 [INFO] WebApp:593 - Web application path used C:\ST\STM32CubeIDE_1.19.0\STM32CubeIDE\plugins\com.st.stm32cube.common.mx_6.15.0.202507011659\db\plugins\mcufinder\reactClient1\index.html
2025-12-13 19:40:13,853 [INFO] WebApp:191 - Connection restablished
2025-12-13 19:40:14,008 [INFO] UserAuth:487 - Internet connection configuration mode: 1
2025-12-13 19:40:14,305 [ERROR] LogOutputStream:75 - [STDERR_REDIRECT] [Fatal Error] :1:1: Premature end of file.
2025-12-13 19:40:14,306 [ERROR] LogOutputStream:75 - [STDERR_REDIRECT] 
2025-12-13 19:40:15,076 [ERROR] LogOutputStream:75 - [STDERR_REDIRECT] [Fatal Error] :1:1: Premature end of file.
2025-12-13 19:40:15,076 [ERROR] LogOutputStream:75 - [STDERR_REDIRECT] 
2025-12-13 19:40:15,495 [WARN] MainUpdater:1193 - Updater busy. Cannot search thirdparties
2025-12-13 19:40:15,495 [INFO] ThirdPartyUpdaterWithRetryManager:96 - Updater plugin is busy. [2/15]
2025-12-13 19:40:15,663 [ERROR] ServerAccessManage:1212 - Problem, file not found on Server
2025-12-13 19:40:15,884 [ERROR] ServerAccessManage:1212 - Problem, file not found on Server
2025-12-13 19:40:16,020 [ERROR] ServerAccessManage:1212 - Problem, file not found on Server
2025-12-13 19:40:16,068 [ERROR] LogOutputStream:75 - [STDERR_REDIRECT] [Fatal Error] :1:1: Premature end of file.
2025-12-13 19:40:16,068 [ERROR] LogOutputStream:75 - [STDERR_REDIRECT] 
2025-12-13 19:40:16,215 [ERROR] ServerAccessManage:1212 - Problem, file not found on Server
2025-12-13 19:40:16,374 [ERROR] ServerAccessManage:1212 - Problem, file not found on Server
2025-12-13 19:40:16,561 [ERROR] ServerAccessManage:1212 - Problem, file not found on Server
2025-12-13 19:40:16,677 [INFO] ServerAccessManage:452 - Complete download http(s) 200
2025-12-13 19:40:16,677 [INFO] ServerAccessManage:509 - Download File STMicroelectronics.X-CUBE-MEMS1.pdsc
2025-12-13 19:40:17,068 [ERROR] LogOutputStream:75 - [STDERR_REDIRECT] [Fatal Error] :1:1: Premature end of file.
2025-12-13 19:40:17,070 [ERROR] LogOutputStream:75 - [STDERR_REDIRECT] 
2025-12-13 19:40:18,065 [ERROR] LogOutputStream:75 - [STDERR_REDIRECT] [Fatal Error] :1:1: Premature end of file.
2025-12-13 19:40:18,066 [ERROR] LogOutputStream:75 - [STDERR_REDIRECT] 
2025-12-13 19:40:18,496 [WARN] MainUpdater:1193 - Updater busy. Cannot search thirdparties
2025-12-13 19:40:18,497 [INFO] ThirdPartyUpdaterWithRetryManager:96 - Updater plugin is busy. [3/15]
2025-12-13 19:40:19,070 [ERROR] LogOutputStream:75 - [STDERR_REDIRECT] [Fatal Error] :1:1: Premature end of file.
2025-12-13 19:40:19,072 [ERROR] LogOutputStream:75 - [STDERR_REDIRECT] 
2025-12-13 19:40:19,720 [INFO] ServerAccessManage:452 - Complete download http(s) 200
2025-12-13 19:40:19,720 [INFO] ServerAccessManage:509 - Download File STMicroelectronics.X-CUBE-AZRTOS-H7RS.pdsc
2025-12-13 19:40:20,074 [ERROR] LogOutputStream:75 - [STDERR_REDIRECT] [Fatal Error] :1:1: Premature end of file.
2025-12-13 19:40:20,075 [ERROR] LogOutputStream:75 - [STDERR_REDIRECT] 
2025-12-13 19:40:20,406 [ERROR] ServerAccessManage:1295 - Problem during Server Connection :  IO error PKIX path building failed: sun.security.provider.certpath.SunCertPathBuilderException: unable to find valid certification path to requested target
2025-12-13 19:40:20,407 [ERROR] ServerAccessManage:740 - Problem during Server Connection :  : Avnet-IOTCONNECT.X-CUBE-iotc-st67-sdk.pdsc.
2025-12-13 19:40:20,563 [WARN] PackLoader:240 - Cannot read IP mode file for STMicroelectronics.X-CUBE-FREERTOS.1.4.0
2025-12-13 19:40:20,578 [WARN] PackLoader:240 - Cannot read IP mode file for STMicroelectronics.X-CUBE-GNSS1.7.1.0
2025-12-13 19:40:20,618 [INFO] CheckServerUpdateThread:120 - End of CheckServer Thread
2025-12-13 19:40:20,622 [WARN] PackLoader:240 - Cannot read IP mode file for STMicroelectronics.X-CUBE-MEMS1.12.0.0
2025-12-13 19:40:20,707 [WARN] PackLoader:240 - Cannot read IP mode file for STMicroelectronics.X-CUBE-AZRTOS-H7RS.1.2.0
2025-12-13 19:40:20,710 [INFO] PopulateThirdPartyThread:66 - Ending populate Thread
2025-12-13 19:40:20,712 [INFO] ThirdParty:1030 - CMSIS Pack Vendor :STMicroelectronics X-CUBE-FREERTOS 1.4.0
2025-12-13 19:40:20,712 [INFO] ThirdParty:1030 - CMSIS Pack Vendor :STMicroelectronics X-CUBE-MEMS1 12.0.0
2025-12-13 19:40:20,713 [INFO] ThirdParty:1030 - CMSIS Pack Vendor :STMicroelectronics X-CUBE-GNSS1 7.1.0
2025-12-13 19:40:20,713 [INFO] ThirdParty:1030 - CMSIS Pack Vendor :STMicroelectronics X-CUBE-AZRTOS-H7RS 1.2.0
2025-12-13 19:40:20,713 [INFO] LoadServerUpdatesThread:375 - End of LoadServerUpdate Thread
2025-12-13 19:40:21,068 [ERROR] LogOutputStream:75 - [STDERR_REDIRECT] [Fatal Error] :1:1: Premature end of file.
2025-12-13 19:40:21,068 [ERROR] LogOutputStream:75 - [STDERR_REDIRECT] 
2025-12-13 19:40:21,653 [WARN] PackLoader:240 - Cannot read IP mode file for STMicroelectronics.FP-SNS-MOTENVWB1.1.4.0
2025-12-13 19:40:21,658 [WARN] PackLoader:240 - Cannot read IP mode file for STMicroelectronics.FP-ATR-ASTRA1.2.0.2
2025-12-13 19:40:21,665 [WARN] PackLoader:240 - Cannot read IP mode file for STMicroelectronics.X-CUBE-SMBUS.2.1.0
2025-12-13 19:40:21,675 [WARN] PackLoader:240 - Cannot read IP mode file for STMicroelectronics.X-CUBE-AZRTOS-F7.1.1.0
2025-12-13 19:40:21,682 [WARN] PackLoader:240 - Cannot read IP mode file for Cesanta.I-CUBE-Mongoose.7.19.0
2025-12-13 19:40:21,685 [WARN] PackLoader:240 - Cannot read IP mode file for STMicroelectronics.FP-SNS-MOTENV1.5.1.0
2025-12-13 19:40:21,695 [WARN] PackLoader:240 - Cannot read IP mode file for WES.I-CUBE-Cesium.1.4.0
2025-12-13 19:40:21,709 [WARN] PackLoader:240 - Cannot read IP mode file for Infineon.AIROC-Wi-Fi-Bluetooth-STM32.1.7.1
2025-12-13 19:40:21,724 [WARN] PackLoader:240 - Cannot read IP mode file for STMicroelectronics.X-CUBE-AZRTOS-H7.3.4.0
2025-12-13 19:40:21,733 [WARN] PackLoader:240 - Cannot read IP mode file for STMicroelectronics.X-CUBE-DISPLAY.3.0.0
2025-12-13 19:40:21,740 [WARN] PackLoader:240 - Cannot read IP mode file for STMicroelectronics.X-CUBE-NFC10.1.0.0
2025-12-13 19:40:21,744 [WARN] PackLoader:240 - Cannot read IP mode file for STMicroelectronics.X-CUBE-ST60.1.1.0
2025-12-13 19:40:21,749 [WARN] PackLoader:240 - Cannot read IP mode file for emotas.I-CUBE-CANOPEN.1.3.0
2025-12-13 19:40:21,751 [WARN] PackLoader:240 - Cannot read IP mode file for STMicroelectronics.X-CUBE-GNSS1.7.1.0
2025-12-13 19:40:21,759 [WARN] PackLoader:240 - Cannot read IP mode file for STMicroelectronics.FP-SNS-STBOX1.2.1.0
2025-12-13 19:40:21,763 [WARN] PackLoader:240 - Cannot read IP mode file for STMicroelectronics.FP-SNS-SMARTAG2.1.2.0
2025-12-13 19:40:21,768 [WARN] PackLoader:240 - Cannot read IP mode file for STMicroelectronics.FP-SNS-FLIGHT1.5.1.0
2025-12-13 19:40:21,776 [INFO] LogOutputStream:77 - [STDOUT_REDIRECT] 1 : Invalid condition id : UX_CORESTACK_Condition cause : null
2025-12-13 19:40:21,777 [INFO] LogOutputStream:77 - [STDOUT_REDIRECT] 1 : Invalid condition id : UX_CORESTACK_Condition cause : null
2025-12-13 19:40:21,778 [INFO] LogOutputStream:77 - [STDOUT_REDIRECT] 1 : Invalid condition id : UX_CORESTACK_Condition cause : null
2025-12-13 19:40:21,779 [INFO] LogOutputStream:77 - [STDOUT_REDIRECT] 1 : Invalid condition id : UX_CORESTACK_Condition cause : null
2025-12-13 19:40:21,779 [INFO] LogOutputStream:77 - [STDOUT_REDIRECT] 1 : Invalid condition id : UX_CORESTACK_Condition cause : null
2025-12-13 19:40:21,781 [WARN] PackLoader:240 - Cannot read IP mode file for STMicroelectronics.X-CUBE-AZRTOS-WL.2.0.0
2025-12-13 19:40:21,785 [WARN] PackLoader:240 - Cannot read IP mode file for STMicroelectronics.FP-SNS-MOTENV1.5.0.0
2025-12-13 19:40:21,797 [WARN] PackLoader:240 - Cannot read IP mode file for STMicroelectronics.X-CUBE-AZRTOS-H7RS.1.2.0
2025-12-13 19:40:21,802 [WARN] PackLoader:240 - Cannot read IP mode file for STMicroelectronics.X-CUBE-BLE2.3.3.0
2025-12-13 19:40:21,806 [WARN] PackLoader:240 - Cannot read IP mode file for STMicroelectronics.X-CUBE-NFC9.1.0.0
2025-12-13 19:40:21,811 [WARN] PackLoader:240 - Cannot read IP mode file for wolfSSL.I-CUBE-wolfSSL.5.8.2
2025-12-13 19:40:21,814 [WARN] PackLoader:240 - Cannot read IP mode file for STMicroelectronics.X-CUBE-BLE1.7.1.0
2025-12-13 19:40:21,817 [WARN] PackLoader:240 - Cannot read IP mode file for wolfSSL.I-CUBE-wolfMQTT.1.19.2
2025-12-13 19:40:21,822 [WARN] PackLoader:240 - Cannot read IP mode file for STMicroelectronics.X-CUBE-FREERTOS.1.4.0
2025-12-13 19:40:21,830 [WARN] PackLoader:240 - Cannot read IP mode file for STMicroelectronics.X-CUBE-EEPRMA1.5.2.0
2025-12-13 19:40:21,837 [WARN] PackLoader:240 - Cannot read IP mode file for STMicroelectronics.X-CUBE-ST67W61.1.1.0
2025-12-13 19:40:21,862 [WARN] PackLoader:240 - Cannot read IP mode file for STMicroelectronics.X-CUBE-MEMS1.12.0.0
2025-12-13 19:40:21,922 [WARN] PackLoader:240 - Cannot read IP mode file for STMicroelectronics.X-CUBE-AZRTOS-G0.1.1.0
2025-12-13 19:40:21,928 [WARN] PackLoader:240 - Cannot read IP mode file for STMicroelectronics.X-CUBE-SAFEA1.1.2.2
2025-12-13 19:40:21,933 [WARN] PackLoader:240 - Cannot read IP mode file for STMicroelectronics.X-CUBE-NFC4.3.0.0
2025-12-13 19:40:21,938 [WARN] PackLoader:240 - Cannot read IP mode file for EmbeddedOffice.I-CUBE-FS-RTOS.1.0.1
2025-12-13 19:40:21,944 [WARN] PackLoader:240 - Cannot read IP mode file for STMicroelectronics.X-CUBE-WB05N.2.0.0
2025-12-13 19:40:21,948 [WARN] PackLoader:240 - Cannot read IP mode file for wolfSSL.I-CUBE-wolfTPM.3.8.0
2025-12-13 19:40:21,952 [WARN] PackLoader:240 - Cannot read IP mode file for STMicroelectronics.X-CUBE-TCPP.4.2.0
2025-12-13 19:40:21,958 [WARN] PackLoader:240 - Cannot read IP mode file for RealThread.X-CUBE-RT-Thread_Nano.4.1.1
2025-12-13 19:40:21,962 [WARN] PackLoader:240 - Cannot read IP mode file for STMicroelectronics.FP-ATR-SIGFOX1.3.2.0
2025-12-13 19:40:21,966 [WARN] PackLoader:240 - Cannot read IP mode file for ITTIA_DB.I-CUBE-ITTIADB.8.9.0
2025-12-13 19:40:21,970 [WARN] PackLoader:240 - Cannot read IP mode file for STMicroelectronics.X-CUBE-AI.10.2.0
2025-12-13 19:40:21,988 [WARN] PackLoader:240 - Cannot read IP mode file for SEGGER.I-CUBE-embOS.1.3.1
2025-12-13 19:40:22,010 [WARN] PackLoader:240 - Cannot read IP mode file for STMicroelectronics.X-CUBE-ALGOBUILD.1.4.0
2025-12-13 19:40:22,035 [WARN] PackLoader:240 - Cannot read IP mode file for STMicroelectronics.X-CUBE-MEMS1.11.3.0
2025-12-13 19:40:22,089 [ERROR] LogOutputStream:75 - [STDERR_REDIRECT] [Fatal Error] :1:1: Premature end of file.
2025-12-13 19:40:22,090 [ERROR] LogOutputStream:75 - [STDERR_REDIRECT] 
2025-12-13 19:40:22,123 [WARN] PackLoader:240 - Cannot read IP mode file for STMicroelectronics.X-CUBE-PM33A1.1.0.0
2025-12-13 19:40:22,154 [WARN] PackLoader:240 - Cannot read IP mode file for STMicroelectronics.X-CUBE-AZRTOS-F4.1.1.0
2025-12-13 19:40:22,161 [WARN] PackLoader:240 - Cannot read IP mode file for STMicroelectronics.X-CUBE-ISPU.2.1.0
2025-12-13 19:40:22,170 [WARN] PackLoader:240 - Cannot read IP mode file for STMicroelectronics.X-CUBE-IPS.3.2.0
2025-12-13 19:40:22,178 [WARN] PackLoader:240 - Cannot read IP mode file for STMicroelectronics.X-CUBE-NFC12.1.0.0
2025-12-13 19:40:22,189 [WARN] PackLoader:240 - Cannot read IP mode file for STMicroelectronics.X-CUBE-AZRTOS-L5.2.0.0
2025-12-13 19:40:22,195 [WARN] PackLoader:240 - Cannot read IP mode file for STMicroelectronics.X-CUBE-NFC6.3.1.0
2025-12-13 19:40:22,200 [WARN] PackLoader:240 - Cannot read IP mode file for STMicroelectronics.X-CUBE-FREERTOS.1.3.1
2025-12-13 19:40:22,204 [WARN] PackLoader:240 - Cannot read IP mode file for STMicroelectronics.X-CUBE-TOUCHGFX.4.26.0
2025-12-13 19:40:22,208 [WARN] PackLoader:240 - Cannot read IP mode file for STMicroelectronics.FP-SNS-STAIOTCFT.1.0.0
2025-12-13 19:40:22,214 [WARN] PackLoader:240 - Cannot read IP mode file for STMicroelectronics.X-CUBE-DPower.1.3.0
2025-12-13 19:40:22,225 [WARN] ConditionMgr:438 - getConditionDescription Invalid condition id : LAN8742 Phy interface Condition cause : null
2025-12-13 19:40:22,225 [WARN] PackLoader:240 - Cannot read IP mode file for STMicroelectronics.X-CUBE-AZRTOS-L4.2.0.0
2025-12-13 19:40:22,226 [WARN] ConditionMgr:1044 - genDependencies : Invalid condition id : LAN8742 Phy interface Condition cause : null
2025-12-13 19:40:22,226 [WARN] ConditionMgr:1044 - genDependencies : Invalid condition id : LAN8742 Phy interface Condition cause : null
2025-12-13 19:40:22,226 [WARN] ConditionMgr:1044 - genDependencies : Invalid condition id : LAN8742 Phy interface Condition cause : null
2025-12-13 19:40:22,231 [WARN] PackLoader:240 - Cannot read IP mode file for STMicroelectronics.X-CUBE-SFXS2LP1.4.0.0
2025-12-13 19:40:22,238 [WARN] PackLoader:240 - Cannot read IP mode file for STMicroelectronics.X-CUBE-BLEMGR.4.1.0
2025-12-13 19:40:22,252 [WARN] ConditionMgr:438 - getConditionDescription Invalid condition id : UX DEVICE CLASS RTOS Condition cause : null
2025-12-13 19:40:22,252 [WARN] ConditionMgr:438 - getConditionDescription Invalid condition id : UX DEVICE CLASS RTOS Condition cause : null
2025-12-13 19:40:22,254 [WARN] PackLoader:240 - Cannot read IP mode file for STMicroelectronics.X-CUBE-AZRTOS-WB.2.0.0
2025-12-13 19:40:22,255 [WARN] ConditionMgr:1044 - genDependencies : Invalid condition id : UX DEVICE CLASS RTOS Condition cause : null
2025-12-13 19:40:22,255 [WARN] ConditionMgr:1044 - genDependencies : Invalid condition id : UX DEVICE CLASS RTOS Condition cause : null
2025-12-13 19:40:22,256 [WARN] ConditionMgr:1044 - genDependencies : Invalid condition id : UX DEVICE CLASS RTOS Condition cause : null
2025-12-13 19:40:22,256 [WARN] ConditionMgr:1044 - genDependencies : Invalid condition id : UX DEVICE CLASS RTOS Condition cause : null
2025-12-13 19:40:22,256 [WARN] ConditionMgr:1044 - genDependencies : Invalid condition id : UX DEVICE CLASS RTOS Condition cause : null
2025-12-13 19:40:22,262 [WARN] PackLoader:240 - Cannot read IP mode file for STMicroelectronics.X-CUBE-GNSS1.7.0.1
2025-12-13 19:40:22,267 [WARN] ConditionMgr:438 - getConditionDescription Invalid condition id : Cortex-A Device cause : null
2025-12-13 19:40:22,284 [WARN] ConditionMgr:1044 - genDependencies : Invalid condition id : Cortex-A Device cause : null
2025-12-13 19:40:22,284 [WARN] ConditionMgr:1044 - genDependencies : Invalid condition id : Cortex-A Device cause : null
2025-12-13 19:40:22,284 [WARN] ConditionMgr:1044 - genDependencies : Invalid condition id : Cortex-A Device cause : null
2025-12-13 19:40:22,293 [WARN] PackLoader:240 - Cannot read IP mode file for STMicroelectronics.X-CUBE-SUBG2.5.0.0
2025-12-13 19:40:22,313 [WARN] PackLoader:240 - Cannot read IP mode file for STMicroelectronics.X-CUBE-AZRTOS-H7RS.1.1.0
2025-12-13 19:40:22,331 [WARN] PackLoader:240 - Cannot read IP mode file for STMicroelectronics.X-CUBE-AZRTOS-G4.2.0.0
2025-12-13 19:40:22,335 [WARN] PackLoader:240 - Cannot read IP mode file for wolfSSL.I-CUBE-wolfSSH.1.4.20
2025-12-13 19:40:22,338 [WARN] PackLoader:240 - Cannot read IP mode file for STMicroelectronics.X-CUBE-NFC7.2.0.0
2025-12-13 19:40:22,343 [WARN] PackLoader:240 - Cannot read IP mode file for STMicroelectronics.X-CUBE-ALS.1.0.2
2025-12-13 19:40:22,350 [WARN] PackLoader:240 - Cannot read IP mode file for STMicroelectronics.X-CUBE-STSE01.1.0.0
2025-12-13 19:40:22,358 [WARN] PackLoader:240 - Cannot read IP mode file for STMicroelectronics.X-CUBE-TOF1.3.4.3
2025-12-13 19:40:22,364 [INFO] ThirdParty:978 - Integrity check success = true
2025-12-13 19:40:22,364 [INFO] IntegrityCheckThread:100 - exiting critical section [integrity check]
2025-12-13 19:40:22,364 [INFO] IntegrityCheckThread:103 - End integrity checks thread
2025-12-13 19:40:23,069 [ERROR] LogOutputStream:75 - [STDERR_REDIRECT] [Fatal Error] :1:1: Premature end of file.
2025-12-13 19:40:23,069 [ERROR] LogOutputStream:75 - [STDERR_REDIRECT] 
2025-12-13 19:40:24,062 [ERROR] LogOutputStream:75 - [STDERR_REDIRECT] [Fatal Error] :1:1: Premature end of file.
2025-12-13 19:40:24,062 [ERROR] LogOutputStream:75 - [STDERR_REDIRECT] 
2025-12-13 19:40:25,066 [ERROR] LogOutputStream:75 - [STDERR_REDIRECT] [Fatal Error] :1:1: Premature end of file.
2025-12-13 19:40:25,067 [ERROR] LogOutputStream:75 - [STDERR_REDIRECT] 
2025-12-13 19:40:26,063 [ERROR] LogOutputStream:75 - [STDERR_REDIRECT] [Fatal Error] :1:1: Premature end of file.
2025-12-13 19:40:26,064 [ERROR] LogOutputStream:75 - [STDERR_REDIRECT] 
2025-12-13 19:40:27,064 [ERROR] LogOutputStream:75 - [STDERR_REDIRECT] [Fatal Error] :1:1: Premature end of file.
2025-12-13 19:40:27,064 [ERROR] LogOutputStream:75 - [STDERR_REDIRECT] 
2025-12-13 19:40:28,066 [ERROR] LogOutputStream:75 - [STDERR_REDIRECT] [Fatal Error] :1:1: Premature end of file.
2025-12-13 19:40:28,066 [ERROR] LogOutputStream:75 - [STDERR_REDIRECT] 
2025-12-13 19:40:29,066 [ERROR] LogOutputStream:75 - [STDERR_REDIRECT] [Fatal Error] :1:1: Premature end of file.
2025-12-13 19:40:29,066 [ERROR] LogOutputStream:75 - [STDERR_REDIRECT] 
2025-12-13 19:40:30,064 [ERROR] LogOutputStream:75 - [STDERR_REDIRECT] [Fatal Error] :1:1: Premature end of file.
2025-12-13 19:40:30,064 [ERROR] LogOutputStream:75 - [STDERR_REDIRECT] 
2025-12-13 19:40:31,067 [ERROR] LogOutputStream:75 - [STDERR_REDIRECT] [Fatal Error] :1:1: Premature end of file.
2025-12-13 19:40:31,067 [ERROR] LogOutputStream:75 - [STDERR_REDIRECT] 
2025-12-13 19:40:32,069 [ERROR] LogOutputStream:75 - [STDERR_REDIRECT] [Fatal Error] :1:1: Premature end of file.
2025-12-13 19:40:32,070 [ERROR] LogOutputStream:75 - [STDERR_REDIRECT] 
2025-12-13 19:40:33,087 [ERROR] LogOutputStream:75 - [STDERR_REDIRECT] [Fatal Error] :1:1: Premature end of file.
2025-12-13 19:40:33,087 [ERROR] LogOutputStream:75 - [STDERR_REDIRECT] 
2025-12-13 19:40:33,185 [ERROR] LogOutputStream:75 - [STDERR_REDIRECT] 
